Arguments: 
  /snap/node/6895/bin/node /usr/local/bin/yarn

PATH: 
  /home/julien/.local/bin:/usr/local/sbin:/usr/local/bin:/usr/sbin:/usr/bin:/sbin:/bin:/usr/games:/usr/local/games:/snap/bin

Yarn version: 
  1.22.19

Node version: 
  16.18.1

Platform: 
  linux x64

Trace: 
  Error: getaddrinfo EAI_AGAIN registry.yarnpkg.com
      at GetAddrInfoReqWrap.onlookup [as oncomplete] (node:dns:109:26)

npm manifest: 
  {
    "name": "nft-marketplace",
    "license": "UNLICENSED",
    "scripts": {
      "codegen": "graph codegen",
      "build": "graph build",
      "deploy": "graph deploy --node https://api.studio.thegraph.com/deploy/ nft-marketplace",
      "create-local": "graph create --node http://localhost:8020/ nft-marketplace",
      "remove-local": "graph remove --node http://localhost:8020/ nft-marketplace",
      "deploy-local": "graph deploy --node http://localhost:8020/ --ipfs http://localhost:5001 nft-marketplace",
      "test": "graph test"
    },
    "dependencies": {
      "@graphprotocol/graph-cli": "0.37.1",
      "@graphprotocol/graph-ts": "0.28.1"
    },
    "devDependencies": { "matchstick-as": "0.5.0" }
  }

yarn manifest: 
  No manifest

Lockfile: 
  No lockfile
